<?xml version="1.0" encoding="UTF-8"?>
<!-- Generated by org.testng.reporters.JUnitXMLReporter -->
<testsuite hostname="mindq-PC" name="Test" tests="5" failures="0" timestamp="30 May 2017 02:30:52 GMT" time="67.893" errors="0">
  <testcase name="Role" time="17.034" classname="com.ranfordbank.master.Roleng"/>
  <testcase name="Role" time="17.083" classname="com.ranfordbank.master.Roleng"/>
  <testcase name="Emp" time="9.455" classname="com.ranfordbank.master.Employeeng"/>
  <testcase name="Emp" time="9.454" classname="com.ranfordbank.master.Employeeng"/>
  <testcase name="Emp" time="9.484" classname="com.ranfordbank.master.Employeeng"/>
</testsuite> <!-- Test -->
